source/app/build/outputs/mapping/release/seeds.txt
com.sharcodes.intern.Application
com.sharcodes.intern.LauncherActivity
com.sharcodes.intern.DelegationService
com.sharcodes.intern.LauncherActivity: LauncherActivity()
com.sharcodes.intern.DelegationService: DelegationService()
com.sharcodes.intern.Application: Application()
...
androidx.core.graphics.drawable.IconCompatParcelizer
androidx.versionedparcelable.CustomVersionedParcelable
androidx.core.graphics.drawable.IconCompat
android.support.v4.app.RemoteActionCompatParcelizer
androidx.lifecycle.ReflectiveGenericLifecycleObserver
androidx.browser.browseractions.BrowserActionsFallbackMenuView
com.google.androidbrowserhelper.trusted.ManageDataLauncherActivity
androidx.lifecycle.SingleGeneratedAdapterObserver
androidx.versionedparcelable.ParcelImpl
androidx.core.app.CoreComponentFactory
androidx.lifecycle.FullLifecycleObserverAdapter
androidx.lifecycle.CompositeGeneratedAdaptersObserver
android.support.v4.graphics.drawable.IconCompatParcelizer
androidx.core.content.FileProvider
com.google.androidbrowserhelper.trusted.WebViewFallbackActivity
androidx.annotation.Keep
com.google.androidbrowserhelper.trusted.NotificationPermissionRequestActivity
androidx.core.app.RemoteActionCompat
com.google.androidbrowserhelper.trusted.FocusActivity
androidx.core.app.RemoteActionCompatParcelizer
androidx.versionedparcelable.ParcelImpl: android.os.Parcelable$Creator CREATOR
androidx.core.graphics.drawable.IconCompat: IconCompat()
androidx.versionedparcelable.CustomVersionedParcelable: CustomVersionedParcelable()
androidx.core.app.RemoteActionCompat: RemoteActionCompat()
androidx.core.app.RemoteActionCompatParcelizer: RemoteActionCompatParcelizer()
android.support.v4.graphics.drawable.IconCompatParcelizer: IconCompatParcelizer()
androidx.core.graphics.drawable.IconCompatParcelizer: androidx.core.graphics.drawable.IconCompat read(androidx.versionedparcelable.VersionedParcel)
com.google.androidbrowserhelper.trusted.FocusActivity: FocusActivity()
android.support.v4.app.RemoteActionCompatParcelizer: androidx.core.app.RemoteActionCompat read(androidx.versionedparcelable.VersionedParcel)
androidx.core.app.RemoteActionCompatParcelizer: void write(androidx.core.app.RemoteActionCompat,androidx.versionedparcelable.VersionedParcel)
android.support.v4.app.RemoteActionCompatParcelizer: RemoteActionCompatParcelizer()
androidx.core.app.CoreComponentFactory: CoreComponentFactory()
androidx.core.app.RemoteActionCompatParcelizer: androidx.core.app.RemoteActionCompat read(androidx.versionedparcelable.VersionedParcel)
android.support.v4.graphics.drawable.IconCompatParcelizer: void write(androidx.core.graphics.drawable.IconCompat,androidx.versionedparcelable.VersionedParcel)
com.google.androidbrowserhelper.trusted.WebViewFallbackActivity: WebViewFallbackActivity()
androidx.core.content.FileProvider: FileProvider()
com.google.androidbrowserhelper.trusted.ManageDataLauncherActivity: ManageDataLauncherActivity()
android.support.v4.app.RemoteActionCompatParcelizer: void write(androidx.core.app.RemoteActionCompat,androidx.versionedparcelable.VersionedParcel)
android.support.v4.graphics.drawable.IconCompatParcelizer: androidx.core.graphics.drawable.IconCompat read(androidx.versionedparcelable.VersionedParcel)
androidx.core.graphics.drawable.IconCompatParcelizer: IconCompatParcelizer()
androidx.core.graphics.drawable.IconCompatParcelizer: void write(androidx.core.graphics.drawable.IconCompat,androidx.versionedparcelable.VersionedParcel)
com.google.androidbrowserhelper.trusted.NotificationPermissionRequestActivity: NotificationPermissionRequestActivity()
androidx.browser.browseractions.BrowserActionsFallbackMenuView: BrowserActionsFallbackMenuView(android.content.Context,android.util.AttributeSet)