source/app/build/outputs/mapping/release/mapping.txt
# compiler: R8
# compiler_version: 8.5.10
# min_api: 19
# common_typos_disable
# {"id":"com.android.tools.r8.mapping","version":"2.2"}
# pg_map_id: 05a8287
# pg_map_hash: SHA-256 05a8287ca6ddc36d3171501a9b502ff1fb654d112d08cd3a4d6e20927d00a8b3
com.sharcodes.intern.Application -> com.sharcodes.intern.Application:
# {"id":"sourceFile","fileName":"Application.java"}
com.sharcodes.intern.DelegationService -> com.sharcodes.intern.DelegationService:
# {"id":"sourceFile","fileName":"DelegationService.java"}
com.sharcodes.intern.LauncherActivity -> com.sharcodes.intern.LauncherActivity:
# {"id":"sourceFile","fileName":"LauncherActivity.java"}
    1:1:android.net.Uri getLaunchingUrl():0:0 -> h
...
androidx.core.graphics.drawable.IconCompat -> androidx.core.graphics.drawable.IconCompat:
# {"id":"sourceFile","fileName":"IconCompat.java"}
    int mType -> a
    java.lang.Object mObj1 -> b
    byte[] mData -> c
    android.os.Parcelable mParcelable -> d
    int mInt1 -> e
    int mInt2 -> f
    android.content.res.ColorStateList mTintList -> g
    android.graphics.PorterDuff$Mode mTintMode -> h
    java.lang.String mTintModeStr -> i
    android.graphics.PorterDuff$Mode DEFAULT_TINT_MODE -> j
    1:1:int getResId():0:0 -> a
    1:1:int getResId(android.graphics.drawable.Icon):0:0 -> b
    1:1:java.lang.String getResPackage():0:0 -> c
    1:1:java.lang.String getResPackage(android.graphics.drawable.Icon):0:0 -> d
    1:1:void onPostParceling():0:0 -> e
    1:1:void onPreParceling(boolean):0:0 -> f
    1:1:java.lang.String typeToString(int):0:0 -> g
androidx.core.graphics.drawable.IconCompat$$ExternalSyntheticApiModelOutline0 -> k.b:
# {"id":"sourceFile","fileName":"R8$$SyntheticClass"}
# {"id":"com.android.tools.r8.synthesized"}
    1:1:android.graphics.drawable.Icon k.IconCompat$$ExternalSyntheticApiModelOutline0.m(java.lang.Object):0:0 -> a
      # {"id":"com.android.tools.r8.synthesized"}
androidx.core.graphics.drawable.IconCompat$$ExternalSyntheticApiModelOutline1 -> k.c:
# {"id":"sourceFile","fileName":"R8$$SyntheticClass"}
# {"id":"com.android.tools.r8.synthesized"}
    1:1:int k.IconCompat$$ExternalSyntheticApiModelOutline1.m(android.graphics.drawable.Icon):0:0 -> a
      # {"id":"com.android.tools.r8.synthesized"}
androidx.core.graphics.drawable.IconCompat$$ExternalSyntheticApiModelOutline2 -> k.d:
# {"id":"sourceFile","fileName":"R8$$SyntheticClass"}
# {"id":"com.android.tools.r8.synthesized"}
    1:1:java.lang.String k.IconCompat$$ExternalSyntheticApiModelOutline2.m(android.graphics.drawable.Icon):0:0 -> a
      # {"id":"com.android.tools.r8.synthesized"}
androidx.core.graphics.drawable.IconCompatParcelizer -> androidx.core.graphics.drawable.IconCompatParcelizer:
# {"id":"sourceFile","fileName":"IconCompatParcelizer.java"}
androidx.core.graphics.drawable.TintAwareDrawable -> k.e:
# {"id":"sourceFile","fileName":"TintAwareDrawable.java"}
androidx.core.graphics.drawable.WrappedDrawableApi14 -> k.f:
# {"id":"sourceFile","fileName":"WrappedDrawableApi14.java"}
    int mCurrentColor -> a
    android.graphics.PorterDuff$Mode mCurrentMode -> b
    boolean mColorFilterSet -> c
    androidx.core.graphics.drawable.WrappedDrawableState mState -> d
      # {"id":"com.android.tools.r8.residualsignature","signature":"Lk/p;"}
    boolean mMutated -> e
    android.graphics.drawable.Drawable mDrawable -> f
    android.graphics.PorterDuff$Mode DEFAULT_TINT_MODE -> g
    1:5:void <clinit>():0:0 -> <clinit>
    1:1:void <init>(android.graphics.drawable.Drawable):0:0 -> <init>
    2:2:void <init>(androidx.core.graphics.drawable.WrappedDrawableState,android.content.res.Resources):0:0 -> <init>
      # {"id":"com.android.tools.r8.residualsignature","signature":"(Lk/p;Landroid/content/res/Resources;)V"}
    1:2:boolean isCompatTintEnabled():0:0 -> a
    1:8:androidx.core.graphics.drawable.WrappedDrawableState mutateConstantState():0:0 -> b
      # {"id":"com.android.tools.r8.residualsignature","signature":"()Lk/p;"}
    1:58:void setWrappedDrawable(android.graphics.drawable.Drawable):0:0 -> c
    1:16:void updateLocalState(android.content.res.Resources):0:0 -> d
    1:6:void draw(android.graphics.Canvas):0:0 -> draw
    1:55:boolean updateTint(int[]):0:0 -> e
    1:23:int getChangingConfigurations():0:0 -> getChangingConfigurations
    1:23:android.graphics.drawable.Drawable$ConstantState getConstantState():0:0 -> getConstantState