source/app/build/outputs/mapping/release/usage.txt
com.sharcodes.intern.R$bool
com.sharcodes.intern.R$color
com.sharcodes.intern.R$drawable
com.sharcodes.intern.R$integer
com.sharcodes.intern.R$mipmap
com.sharcodes.intern.R$raw
com.sharcodes.intern.R$string
com.sharcodes.intern.R$xml
com.sharcodes.intern.R
...
android.support.customtabs.trusted.ITrustedWebActivityService$Stub:
    private static final java.lang.String DESCRIPTOR
    static final int TRANSACTION_areNotificationsEnabled
    static final int TRANSACTION_cancelNotification
    static final int TRANSACTION_extraCommand
    static final int TRANSACTION_getActiveNotifications
    static final int TRANSACTION_getSmallIconBitmap
    static final int TRANSACTION_getSmallIconId
    static final int TRANSACTION_notifyNotificationWithChannel
    public static android.support.customtabs.trusted.ITrustedWebActivityService asInterface(android.os.IBinder)
    public static android.support.customtabs.trusted.ITrustedWebActivityService getDefaultImpl()
    public static boolean setDefaultImpl(android.support.customtabs.trusted.ITrustedWebActivityService)
android.support.v4.app.INotificationSideChannel$Stub$Proxy
android.support.v4.app.INotificationSideChannel$Stub
android.support.v4.app.INotificationSideChannel
android.support.v4.os.IResultReceiver$Stub$Proxy
android.support.v4.os.IResultReceiver$Stub
android.support.v4.os.IResultReceiver
android.support.v4.os.ResultReceiver$1
android.support.v4.os.ResultReceiver$MyResultReceiver
android.support.v4.os.ResultReceiver$MyRunnable
android.support.v4.os.ResultReceiver
androidx.annotation.AnimRes
androidx.annotation.AnimatorRes
androidx.annotation.AnyRes
androidx.annotation.AnyThread
androidx.annotation.ArrayRes
androidx.annotation.AttrRes
androidx.annotation.BinderThread
androidx.annotation.BoolRes
androidx.annotation.CallSuper
androidx.annotation.CheckResult
androidx.annotation.ColorInt
androidx.annotation.ColorLong
androidx.annotation.ColorRes
androidx.annotation.ContentView
androidx.annotation.DimenRes
androidx.annotation.Dimension
androidx.annotation.DrawableRes
androidx.annotation.FloatRange
androidx.annotation.FontRes
androidx.annotation.FractionRes
androidx.annotation.GuardedBy
androidx.annotation.HalfFloat
androidx.annotation.IdRes
androidx.annotation.InspectableProperty$EnumEntry
androidx.annotation.InspectableProperty$FlagEntry
androidx.annotation.InspectableProperty$ValueType
androidx.annotation.InspectableProperty
androidx.annotation.IntDef
androidx.annotation.IntRange
androidx.annotation.IntegerRes
androidx.annotation.InterpolatorRes
androidx.annotation.LayoutRes
androidx.annotation.LongDef
androidx.annotation.MainThread
androidx.annotation.MenuRes
androidx.annotation.NavigationRes
androidx.annotation.NonNull
androidx.annotation.Nullable
androidx.annotation.PluralsRes
androidx.annotation.Px
androidx.annotation.RawRes
androidx.annotation.RequiresApi
androidx.annotation.RequiresFeature
androidx.annotation.RequiresPermission$Read
androidx.annotation.RequiresPermission$Write
androidx.annotation.RequiresPermission
androidx.annotation.RestrictTo$Scope
androidx.annotation.RestrictTo
androidx.annotation.Size
androidx.annotation.StringDef
androidx.annotation.StringRes
androidx.annotation.StyleRes
androidx.annotation.StyleableRes
androidx.annotation.TransitionRes
androidx.annotation.UiThread
androidx.annotation.VisibleForTesting
androidx.annotation.WorkerThread
androidx.annotation.XmlRes
androidx.arch.core.internal.FastSafeIterableMap
androidx.arch.core.internal.SafeIterableMap$AscendingIterator
androidx.arch.core.internal.SafeIterableMap$DescendingIterator
androidx.arch.core.internal.SafeIterableMap$Entry
androidx.arch.core.internal.SafeIterableMap$IteratorWithAdditions
androidx.arch.core.internal.SafeIterableMap$ListIterator
androidx.arch.core.internal.SafeIterableMap$SupportRemove
androidx.arch.core.internal.SafeIterableMap
androidx.arch.core.util.Function
androidx.browser.R$color
androidx.browser.R$dimen:
    private void <init>()
androidx.browser.R$id
androidx.browser.R$layout
androidx.browser.R$string
androidx.browser.R$xml
androidx.browser.R
androidx.browser.browseractions.BrowserActionItem
androidx.browser.browseractions.BrowserActionsFallbackMenuAdapter$1
androidx.browser.browseractions.BrowserActionsFallbackMenuAdapter$2